Determining if the pthread_create exist failed with the following output:
Change Dir: /home/amirali/aic20/Code/build/CMakeFiles/CMakeTmp

Run Build Command:"/usr/bin/make" "cmTC_49fff/fast"
/usr/bin/make -f CMakeFiles/cmTC_49fff.dir/build.make CMakeFiles/cmTC_49fff.dir/build
make[1]: Entering directory '/home/amirali/aic20/Code/build/CMakeFiles/CMakeTmp'
Building CXX object CMakeFiles/cmTC_49fff.dir/CheckSymbolExists.cxx.o
/usr/bin/c++    -std=c++11 -o CMakeFiles/cmTC_49fff.dir/CheckSymbolExists.cxx.o -c /home/amirali/aic20/Code/build/CMakeFiles/CMakeTmp/CheckSymbolExists.cxx
Linking CXX executable cmTC_49fff
/usr/bin/cmake -E cmake_link_script CMakeFiles/cmTC_49fff.dir/link.txt --verbose=1
/usr/bin/c++       CMakeFiles/cmTC_49fff.dir/CheckSymbolExists.cxx.o  -o cmTC_49fff 
/usr/bin/ld: CMakeFiles/cmTC_49fff.dir/CheckSymbolExists.cxx.o: in function `main':
CheckSymbolExists.cxx:(.text+0x1f): undefined reference to `pthread_create'
collect2: error: ld returned 1 exit status
make[1]: *** [CMakeFiles/cmTC_49fff.dir/build.make:87: cmTC_49fff] Error 1
make[1]: Leaving directory '/home/amirali/aic20/Code/build/CMakeFiles/CMakeTmp'
make: *** [Makefile:121: cmTC_49fff/fast] Error 2

File /home/amirali/aic20/Code/build/CMakeFiles/CMakeTmp/CheckSymbolExists.cxx:
/* */
#include <pthread.h>

int main(int argc, char** argv)
{
  (void)argv;
#ifndef pthread_create
  return ((int*)(&pthread_create))[argc];
#else
  (void)argc;
  return 0;
#endif
}

Determining if the function pthread_create exists in the pthreads failed with the following output:
Change Dir: /home/amirali/aic20/Code/build/CMakeFiles/CMakeTmp

Run Build Command:"/usr/bin/make" "cmTC_30e07/fast"
/usr/bin/make -f CMakeFiles/cmTC_30e07.dir/build.make CMakeFiles/cmTC_30e07.dir/build
make[1]: Entering directory '/home/amirali/aic20/Code/build/CMakeFiles/CMakeTmp'
Building CXX object CMakeFiles/cmTC_30e07.dir/CheckFunctionExists.cxx.o
/usr/bin/c++    -DCHECK_FUNCTION_EXISTS=pthread_create   -std=c++11 -o CMakeFiles/cmTC_30e07.dir/CheckFunctionExists.cxx.o -c /home/amirali/aic20/Code/build/CMakeFiles/CheckLibraryExists/CheckFunctionExists.cxx
Linking CXX executable cmTC_30e07
/usr/bin/cmake -E cmake_link_script CMakeFiles/cmTC_30e07.dir/link.txt --verbose=1
/usr/bin/c++   -DCHECK_FUNCTION_EXISTS=pthread_create    CMakeFiles/cmTC_30e07.dir/CheckFunctionExists.cxx.o  -o cmTC_30e07 -lpthreads 
/usr/bin/ld: cannot find -lpthreads
collect2: error: ld returned 1 exit status
make[1]: *** [CMakeFiles/cmTC_30e07.dir/build.make:87: cmTC_30e07] Error 1
make[1]: Leaving directory '/home/amirali/aic20/Code/build/CMakeFiles/CMakeTmp'
make: *** [Makefile:121: cmTC_30e07/fast] Error 2


